07-07 13:40 root         INFO     ----------------------------------------------
07-07 13:40 root         INFO     opening https://gcn.gsfc.nasa.gov/konus_grbs.html
07-07 13:40 root         INFO     2021-07-04 19:33:20
07-07 13:40 root         INFO     2021-07-04 16:25:19
07-07 13:40 root         INFO     2021-07-03 14:26:40
07-07 13:40 root         INFO     2021-07-02 19:07:06
07-07 13:40 root         INFO     2021-06-27 19:31:37
07-07 13:40 root         INFO     2021-06-24 00:58:20
07-07 13:40 root         INFO     2021-06-22 08:09:30
07-07 13:40 root         INFO     2021-06-19 23:59:28
07-07 13:40 root         INFO     2021-06-19 12:45:39
07-07 13:40 root         INFO     2021-06-17 12:52:54
07-07 13:40 root         INFO     2021-06-10 19:51:28
07-07 13:40 root         INFO     2021-06-07 21:39:20
07-07 13:40 root         INFO     2021-06-06 22:41:05
07-07 13:40 root         INFO     2021-06-06 02:53:06
07-07 13:40 root         INFO     2021-06-05 05:08:59
07-07 13:40 root         INFO     2021-06-02 12:03:59
07-07 13:40 root         INFO     2021-05-28 14:03:43
07-07 13:40 root         INFO     2021-05-24 05:00:10
07-07 13:40 root         INFO     2021-05-22 22:11:40
07-07 13:40 root         INFO     2021-05-18 13:04:11
07-07 13:40 root         INFO     2021-05-15 14:56:45
07-07 13:40 root         INFO     2021-05-14 18:23:45
07-07 13:40 root         INFO     2021-05-14 11:24:57
07-07 13:40 root         INFO     2021-05-11 15:32:59
07-07 13:40 root         INFO     2021-05-11 11:26:41
07-07 13:40 root         INFO     2021-05-09 13:54:17
07-07 13:40 root         INFO     2021-05-02 07:05:16
07-07 13:40 root         INFO     2021-05-01 11:31:58
07-07 13:40 root         INFO     2021-04-29 01:43:11
07-07 13:40 root         INFO     2021-04-27 04:57:15
07-07 13:40 root         INFO     2021-04-24 08:01:56
07-07 13:40 root         INFO     2021-04-16 19:46:58
07-07 13:40 root         INFO     2021-04-11 03:31:41
07-07 13:40 root         INFO     2021-04-10 00:53:16
07-07 13:40 root         INFO     2021-04-09 21:28:26
07-07 13:40 root         INFO     2021-04-06 22:46:04
07-07 13:40 root         INFO     2021-04-05 12:11:26
07-07 13:40 root         INFO     2021-03-24 20:00:00
07-07 13:40 root         INFO     2021-03-23 22:02:14
07-07 13:40 root         INFO     2021-03-18 03:08:29
07-07 13:40 root         INFO     2021-03-17 09:08:39
07-07 13:40 root         INFO     2021-03-08 06:37:59
07-07 13:40 root         INFO     2021-03-07 05:56:44
07-07 13:40 root         INFO     2021-03-06 21:07:06
07-07 13:40 root         INFO     2021-03-06 07:41:11
07-07 13:40 root         INFO     2021-03-06 03:54:00
07-07 13:40 root         INFO     2021-03-05 19:02:58
07-07 13:40 root         INFO     2021-02-28 20:28:08
07-07 13:40 root         INFO     2021-02-28 06:38:34
07-07 13:40 root         INFO     2021-02-28 01:22:51
07-07 13:40 root         INFO     2021-02-13 18:42:18
07-07 13:40 root         INFO     2021-02-13 06:52:32
07-07 13:40 root         INFO     2021-02-10 17:08:03
07-07 13:40 root         INFO     2021-02-07 21:52:48
07-07 13:40 root         INFO     2021-02-04 06:32:50
07-07 13:40 root         INFO     2021-02-02 20:10:31
07-07 13:40 root         INFO     2021-02-02 12:54:22
07-07 13:40 root         INFO     2021-01-30 17:40:50
07-07 13:40 root         INFO     2021-01-29 10:35:35
07-07 13:40 root         INFO     2021-01-29 06:59:56
07-07 13:40 root         INFO     2021-01-27 06:50:16
07-07 13:40 root         INFO     2021-01-24 13:23:44
07-07 13:40 root         INFO     2021-01-23 07:19:00
07-07 13:40 root         INFO     2021-01-21 18:41:46
07-07 13:40 root         INFO     2021-01-16 05:53:31
07-07 13:40 root         INFO     2021-01-12 01:38:06
07-07 13:40 root         INFO     2021-01-04 14:31:04
07-07 13:40 root         INFO     2021-01-04 11:27:04
07-07 13:40 root         INFO     2021-01-01 14:53:31
07-07 13:40 root         INFO     2021-01-01 13:12:40
07-07 13:40 root         INFO     2020-12-29 15:20:54
07-07 13:40 root         INFO     2020-12-28 07:24:57
07-07 13:40 root         INFO     2020-12-27 15:14:06
07-07 13:40 root         INFO     2020-12-22 08:32:43
07-07 13:40 root         INFO     2020-12-18 04:14:13
07-07 13:40 root         INFO     2020-12-16 14:46:34
07-07 13:40 root         INFO     2020-12-14 20:27:12
07-07 13:40 root         INFO     2020-12-09 05:44:53
07-07 13:40 root         INFO     2020-12-09 05:44:53
07-07 13:40 root         INFO     2020-12-08 06:03:37
07-07 13:40 root         INFO     2020-12-04 11:18:18
07-07 13:40 root         INFO     2020-11-22 08:32:03
07-07 13:40 root         INFO     2020-11-16 00:49:48
07-07 13:40 root         INFO     2020-11-09 02:31:05
07-07 13:40 root         INFO     2020-11-05 05:31:05
07-07 13:40 root         INFO     2020-11-04 17:32:58
07-07 13:40 root         INFO     2020-11-04 00:00:56
07-07 13:40 root         INFO     2020-11-03 18:06:47
07-07 13:40 root         INFO     2020-10-20 17:33:57
07-07 13:40 root         INFO     2020-10-19 01:40:05
07-07 13:40 root         INFO     2020-10-13 18:06:58
07-07 13:40 root         INFO     2020-10-13 03:46:29
07-07 13:40 root         INFO     2020-10-09 03:08:15
07-07 13:40 root         INFO     2020-10-07 02:58:49
07-07 13:40 root         INFO     2020-10-07 02:58:49
07-07 13:40 root         INFO     2020-09-24 06:48:56
07-07 13:40 root         INFO     2020-09-20 19:56:54
07-07 13:40 root         INFO     2020-09-16 15:41:29
07-07 13:40 root         INFO     2020-09-14 12:48:33
07-07 13:40 root         INFO     2020-09-12 14:08:35
07-07 13:40 root         INFO     2020-09-09 04:01:28
07-07 13:40 root         INFO     2020-09-07 14:24:19
07-07 13:40 root         INFO     2020-09-03 02:34:27
07-07 13:40 root         INFO     2020-08-29 13:58:29
07-07 13:40 root         INFO     2020-08-26 22:09:39
07-07 13:40 root         INFO     2020-08-26 04:29:55
07-07 13:40 root         INFO     2020-08-20 20:00:42
07-07 13:40 root         INFO     2020-08-17 06:03:48
07-07 13:40 root         INFO     2020-08-15 21:02:48
07-07 13:40 root         INFO     2020-08-12 11:55:28
07-07 13:40 root         INFO     2020-08-11 15:10:43
07-07 13:40 root         INFO     2020-08-09 15:41:29
07-07 13:40 root         INFO     2020-08-06 15:28:49
07-07 13:40 root         INFO     2020-08-05 13:31:10
07-07 13:40 root         INFO     2020-08-04 17:38:41
07-07 13:40 root         INFO     2020-08-03 03:34:33
07-07 13:40 root         INFO     2020-08-02 11:46:54
07-07 13:40 root         INFO     2020-08-01 15:35:46
07-07 13:40 root         INFO     2020-08-01 13:40:26
07-07 13:40 root         INFO     2020-07-22 02:15:50
07-07 13:40 root         INFO     2020-07-16 07:34:34
07-07 13:40 root         INFO     2020-07-16 01:26:34
07-07 13:40 root         INFO     2020-07-14 18:35:08
07-07 13:40 root         INFO     2020-07-14 08:15:25
07-07 13:40 root         INFO     2020-07-11 11:04:40
07-07 13:40 root         INFO     2020-07-04 09:27:38
07-07 13:40 root         INFO     2020-06-29 12:49:57
07-07 13:40 root         INFO     2020-06-23 18:02:52
07-07 13:40 root         INFO     2020-06-22 02:11:50
07-07 13:40 root         INFO     2020-06-19 02:36:07
07-07 13:40 root         INFO     2020-06-13 05:30:05
07-07 13:40 root         INFO     2020-06-09 09:06:55
07-07 13:40 root         INFO     2020-06-09 09:06:55
07-07 13:40 root         INFO     2020-06-07 22:06:33
07-07 13:40 root         INFO     2020-06-05 18:17:38
07-07 13:40 root         INFO     2020-05-30 00:44:13
07-07 13:40 root         INFO     2020-05-29 10:45:24
07-07 13:40 root         INFO     2020-05-28 10:27:55
07-07 13:40 root         INFO     2020-05-26 15:04:48
07-07 13:40 root         INFO     2020-05-24 13:52:53
07-07 13:40 root         INFO     2020-05-24 05:04:03
07-07 13:40 root         INFO     2020-05-21 12:16:41
07-07 13:40 root         INFO     2020-05-19 11:20:48
07-07 13:40 root         INFO     2020-05-18 17:24:49
07-07 13:40 root         INFO     2020-05-16 06:09:06
07-07 13:40 root         INFO     2020-05-10 21:51:17
07-07 13:40 root         INFO     2020-05-10 06:12:02
07-07 13:40 root         INFO     2020-05-07 15:53:32
07-07 13:40 root         INFO     2020-05-06 09:44:05
07-07 13:40 root         INFO     2020-05-03 05:01:48
07-07 13:40 root         INFO     2020-05-02 13:46:33
07-07 13:40 root         INFO     2020-05-01 10:25:41
07-07 13:40 root         INFO     2020-05-01 05:33:53
07-07 13:40 root         INFO     2020-05-01 04:26:39
07-07 13:40 root         INFO     2020-04-29 20:47:27
07-07 13:40 root         INFO     2020-04-28 14:34:24
07-07 13:40 root         INFO     2020-04-27 21:59:22
07-07 13:40 root         INFO     2020-04-27 19:43:44
07-07 13:40 root         INFO     2020-04-27 18:31:36
07-07 13:40 root         INFO     2020-04-27 11:21:36
07-07 13:40 root         INFO     2020-04-24 12:07:10
07-07 13:40 root         INFO     2020-04-22 08:53:16
07-07 13:40 root         INFO     2020-04-22 07:22:17
07-07 13:40 root         INFO     2020-04-17 16:28:20
07-07 13:40 root         INFO     2020-04-15 08:48:01
07-07 13:40 root         INFO     2020-04-13 17:06:37
07-07 13:40 root         INFO     2020-04-12 09:08:44
07-07 13:40 root         INFO     2020-04-12 06:57:14
07-07 13:40 root         INFO     2020-04-10 09:43:52
07-07 13:40 root         INFO     2020-04-08 02:45:03
07-07 13:40 root         INFO     2020-04-04 09:49:39
07-07 13:40 root         INFO     2020-04-03 21:30:17
07-07 13:40 root         INFO     2020-03-29 09:33:07
07-07 13:40 root         INFO     2020-03-27 20:56:49
07-07 13:40 root         INFO     2020-03-26 21:13:49
07-07 13:40 root         INFO     2020-03-26 10:07:36
07-07 13:40 root         INFO     2020-03-25 14:53:25
07-07 13:40 root         INFO     2020-03-25 03:18:28
07-07 13:40 root         INFO     2020-03-23 18:46:36
07-07 13:40 root         INFO     2020-03-20 09:56:52
07-07 13:40 root         INFO     2020-03-17 00:40:31
07-07 13:40 root         INFO     2020-03-13 10:57:15
07-07 13:40 root         INFO     2020-03-13 01:41:38
07-07 13:40 root         INFO     2020-03-11 15:16:14
07-07 13:40 root         INFO     2020-03-03 02:34:28
07-07 13:40 root         INFO     2020-03-01 07:40:42
07-07 13:40 root         INFO     2020-02-28 06:58:30
07-07 13:40 root         INFO     2020-02-27 07:20:16
07-07 13:40 root         INFO     2020-02-24 05:09:27
07-07 13:40 root         INFO     2020-02-21 03:53:03
07-07 13:40 root         INFO     2020-02-19 23:57:09
07-07 13:40 root         INFO     2020-02-19 09:54:11
07-07 13:40 root         INFO     2020-02-19 07:36:45
07-07 13:40 root         INFO     2020-02-11 07:26:26
07-07 13:40 root         INFO     2020-02-11 05:30:14
07-07 13:40 root         INFO     2020-02-10 08:03:45
07-07 13:40 root         INFO     2020-02-07 01:22:55
07-07 13:40 root         INFO     2020-02-01 14:16:13
07-07 13:40 root         INFO     2020-01-31 22:41:13
07-07 13:40 root         INFO     2020-01-30 09:59:59
07-07 13:40 root         INFO     2020-01-25 20:43:31
07-07 13:40 root         INFO     2020-01-22 01:41:06
07-07 13:40 root         INFO     2020-01-20 23:04:56
07-07 13:40 root         INFO     2020-01-19 20:49:13
07-07 13:40 root         INFO     2020-01-15 21:22:48
07-07 13:40 root         INFO     2020-01-14 03:40:48
07-07 13:40 root         INFO     2020-01-12 12:36:34
07-07 13:40 root         INFO     2020-01-11 15:11:17
07-07 13:40 root         INFO     2020-01-01 20:39:27
07-07 13:41 root         INFO     ----------------------------------------------
07-07 13:41 root         INFO     opening http://gcn.gsfc.nasa.gov/fermi_grbs.html
07-07 13:41 root         INFO     647310816
07-07 13:41 root         INFO     647310816
07-07 13:41 root         INFO     647310816
07-07 13:41 root         INFO     647271699
07-07 13:41 root         INFO     647252274
07-07 13:41 root         INFO     647236214
07-07 13:41 root         INFO     647120007
07-07 13:41 root         INFO     647108723
07-07 13:41 root         INFO     647120009
07-07 13:41 root         INFO     647120009
07-07 13:41 root         INFO     646862474
07-07 13:41 root         INFO     646862474
07-07 13:41 root         INFO     646818439
07-07 13:41 root         INFO     646818439
07-07 13:41 root         INFO     646812338
07-07 13:41 root         INFO     646537079
07-07 13:41 root         INFO     646518605
07-07 13:41 root         INFO     646443989
07-07 13:41 root         INFO     646509445
07-07 13:41 root         INFO     646509445
07-07 13:41 root         INFO     646509445
07-07 13:41 root         INFO     646509445
07-07 13:41 root         INFO     646509445
07-07 13:41 root         INFO     646509445
07-07 13:41 root         INFO     646509445
07-07 13:41 root         INFO     646509445
07-07 13:42 root         INFO     646471760
07-07 13:42 root         INFO     646471760
07-07 13:42 root         INFO     646471760
07-07 13:42 root         INFO     646471760
07-07 13:42 root         INFO     646471760
07-07 13:42 root         INFO     646388180
07-07 13:42 root         INFO     646388180
07-07 13:42 root         INFO     646388180
07-07 13:42 root         INFO     646388180
07-07 13:42 root         INFO     646388180
07-07 13:42 root         INFO     646358405
07-07 13:42 root         INFO     646349006
07-07 13:42 root         INFO     646349006
07-07 13:42 root         INFO     646349006
07-07 13:42 root         INFO     646349006
07-07 13:42 root         INFO     646322348
07-07 13:42 root         INFO     646322348
07-07 13:42 root         INFO     646189108
07-07 13:42 root         INFO     646194855
07-07 13:42 root         INFO     646050786
07-07 13:42 root         INFO     646050786
07-07 13:42 root         INFO     646050786
07-07 13:42 root         INFO     646050786
07-07 13:42 root         INFO     646050786
07-07 13:42 root         INFO     646050786
07-07 13:42 root         INFO     646050786
07-07 13:42 root         INFO     646018360
07-07 13:42 root         INFO     646018360
07-07 13:42 root         INFO     646018360
07-07 13:42 root         INFO     645965048
07-07 13:42 root         INFO     645965048
07-07 13:42 root         INFO     645965048
07-07 13:42 root         INFO     645965048
07-07 13:42 root         INFO     645857659
07-07 13:42 root         INFO     645898850
07-07 13:42 root         INFO     645857659
07-07 13:42 root         INFO     645857659
07-07 13:42 root         INFO     645857659
07-07 13:42 root         INFO     645799548
07-07 13:42 root         INFO     645799548
07-07 13:42 root         INFO     645799548
07-07 13:42 root         INFO     645799548
07-07 13:42 root         INFO     645799548
07-07 13:42 root         INFO     645673421
07-07 13:42 root         INFO     645673421
07-07 13:42 root         INFO     645673421
07-07 13:42 root         INFO     645673421
07-07 13:42 root         INFO     645628644
07-07 13:42 root         INFO     645492838
07-07 13:42 root         INFO     645492838
07-07 13:42 root         INFO     645492838
07-07 13:42 root         INFO     645485036
07-07 13:42 root         INFO     645485036
07-07 13:42 root         INFO     645485036
07-07 13:42 root         INFO     645382781
07-07 13:42 root         INFO     645382781
07-07 13:42 root         INFO     645047470
07-07 13:42 root         INFO     645047470
07-07 13:42 root         INFO     645047470
07-07 13:42 root         INFO     645047470
07-07 13:42 root         INFO     645047470
07-07 13:42 root         INFO     645047470
07-07 13:42 root         INFO     645047470
07-07 13:42 root         INFO     645047470
07-07 13:42 root         INFO     645047470
07-07 13:42 root         INFO     645030227
07-07 13:42 root         INFO     645030227
07-07 13:42 root         INFO     645030227
07-07 13:42 root         INFO     644793834
07-07 13:42 root         INFO     644793834
07-07 13:42 root         INFO     644793834
07-07 13:42 root         INFO     644793834
07-07 13:42 root         INFO     644793834
07-07 13:42 root         INFO     644793834
07-07 13:42 root         INFO     644793834
07-07 13:42 root         INFO     644793834
07-07 13:42 root         INFO     644712030
07-07 13:42 root         INFO     644712030
07-07 13:42 root         INFO     644712030
07-07 13:43 root         INFO     644712030
07-07 13:43 root         INFO     644653223
07-07 13:43 root         INFO     644644567
07-07 13:43 root         INFO     644644567
07-07 13:43 root         INFO     644644567
07-07 13:43 root         INFO     644597763
07-07 13:43 root         INFO     644597763
07-07 13:43 root         INFO     644597763
07-07 13:43 root         INFO     644597763
07-07 13:43 root         INFO     644597763
07-07 13:43 root         INFO     644597763
07-07 13:43 root         INFO     644597763
07-07 13:43 root         INFO     644597763
07-07 13:43 root         INFO     644562543
07-07 13:43 root         INFO     644562543
07-07 13:43 root         INFO     644562543
07-07 13:43 root         INFO     644449593
07-07 13:43 root         INFO     644449593
07-07 13:43 root         INFO     644359567
07-07 13:43 root         INFO     644359567
07-07 13:43 root         INFO     644359567
07-07 13:43 root         INFO     644359567
07-07 13:43 root         INFO     644260938
07-07 13:43 root         INFO     644260938
07-07 13:43 root         INFO     644260938
07-07 13:43 root         INFO     644211962
07-07 13:43 root         INFO     644155206
07-07 13:43 root         INFO     644155206
07-07 13:43 root         INFO     644155206
07-07 13:43 root         INFO     644155206
07-07 13:43 root         INFO     644155206
07-07 13:43 root         INFO     644025222
07-07 13:43 root         INFO     644025222
07-07 13:43 root         INFO     644025222
07-07 13:43 root         INFO     643997729
07-07 13:43 root         INFO     643997729
07-07 13:43 root         INFO     643997729
07-07 13:43 root         INFO     643997729
07-07 13:43 root         INFO     643903431
07-07 13:43 root         INFO     643903431
07-07 13:43 root         INFO     643903431
07-07 13:43 root         INFO     643903431
07-07 13:43 root         INFO     643548039
07-07 13:43 root         INFO     643548039
07-07 13:43 root         INFO     643548039
07-07 13:43 root         INFO     643548039
07-07 13:43 root         INFO     643548039
07-07 13:43 root         INFO     643525204
07-07 13:43 root         INFO     643525204
07-07 13:43 root         INFO     643525204
07-07 13:43 root         INFO     643525204
07-07 13:43 root         INFO     643525204
07-07 13:43 root         INFO     643525204
07-07 13:43 root         INFO     643525204
07-07 13:43 root         INFO     643525204
07-07 13:43 root         INFO     643411899
07-07 13:43 root         INFO     643358933
07-07 13:43 root         INFO     643266386
07-07 13:43 root         INFO     643264789
07-07 13:43 root         INFO     643264789
07-07 13:43 root         INFO     643264789
07-07 13:43 root         INFO     643264789
07-07 13:43 root         INFO     643264789
07-07 13:43 root         INFO     643264789
07-07 13:43 root         INFO     210520797
07-07 13:43 root         INFO     643230427
07-07 13:43 root         INFO     643230427
07-07 13:43 root         INFO     643230427
07-07 13:43 root         INFO     643230427
07-07 13:43 root         INFO     643230427
07-07 13:43 root         INFO     643230427
07-07 13:43 root         INFO     643223451
07-07 13:43 root         INFO     643099138
07-07 13:43 root         INFO     643099138
07-07 13:43 root         INFO     643099138
07-07 13:43 root         INFO     643099138
07-07 13:43 root         INFO     643065622
07-07 13:43 root         INFO     643079074
07-07 13:43 root         INFO     642991619
07-07 13:44 root         INFO     643035854
07-07 13:44 root         INFO     643035854
07-07 13:44 root         INFO     643035854
07-07 13:44 root         INFO     643035854
07-07 13:44 root         INFO     643035854
07-07 13:44 root         INFO     643035854
07-07 13:44 root         INFO     643035854
07-07 13:44 root         INFO     642900891
07-07 13:44 root         INFO     642900891
07-07 13:44 root         INFO     642900891
07-07 13:44 root         INFO     642900891
07-07 13:44 root         INFO     642783411
07-07 13:44 root         INFO     642783411
07-07 13:44 root         INFO     642783411
07-07 13:44 root         INFO     642783411
07-07 13:44 root         INFO     642783411
07-07 13:44 root         INFO     642776810
07-07 13:44 root         INFO     642776810
07-07 13:44 root         INFO     642776810
07-07 13:44 root         INFO     642776810
07-07 13:44 root         INFO     642773235
07-07 13:44 root         INFO     642647227
07-07 13:44 root         INFO     642538568
07-07 13:44 root         INFO     642538568
07-07 13:44 root         INFO     642538568
07-07 13:44 root         INFO     642538568
07-07 13:44 root         INFO     642459088
07-07 13:44 root         INFO     642425204
07-07 13:44 root         INFO     642425204
07-07 13:44 root         INFO     642425204
07-07 13:44 root         INFO     642425204
07-07 13:44 root         INFO     642425204
07-07 13:44 root         INFO     642425204
07-07 13:44 root         INFO     642423542
07-07 13:44 root         INFO     642423542
07-07 13:44 root         INFO     642423542
07-07 13:44 root         INFO     642423542
07-07 13:44 root         INFO     642423542
07-07 13:44 root         INFO     642423542
07-07 13:44 root         INFO     642367205
07-07 13:44 root         INFO     642367205
07-07 13:44 root         INFO     642367205
07-07 13:44 root         INFO     642261225
07-07 13:44 root         INFO     642261225
07-07 13:44 root         INFO     642261225
07-07 13:44 root         INFO     642205660
07-07 13:44 root         INFO     642205660
07-07 13:44 root         INFO     642106916
07-07 13:44 root         INFO     642106916
07-07 13:44 root         INFO     642105643
07-07 13:44 root         INFO     642105643
07-07 13:44 root         INFO     642105643
07-07 13:44 root         INFO     641891998
07-07 13:44 root         INFO     641862052
07-07 13:44 root         INFO     641862052
07-07 13:44 root         INFO     641862052
07-07 13:44 root         INFO     641848886
07-07 13:44 root         INFO     641806337
07-07 13:44 root         INFO     641763254
07-07 13:44 root         INFO     641763254
07-07 13:44 root         INFO     641763254
07-07 13:44 root         INFO     641763254
07-07 13:44 root         INFO     641732232
07-07 13:44 root         INFO     641601187
07-07 13:44 root         INFO     641601187
07-07 13:44 root         INFO     641601187
07-07 13:44 root         INFO     641592039
07-07 13:44 root         INFO     641537705
07-07 13:44 root         INFO     641537705
07-07 13:44 root         INFO     641537705
07-07 13:44 root         INFO     641537705
07-07 13:44 root         INFO     641511742
07-07 13:44 root         INFO     641511742
07-07 13:44 root         INFO     641511742
07-07 13:44 root         INFO     641315537
07-07 13:44 root         INFO     641201117
07-07 13:44 root         INFO     641201117
07-07 13:44 root         INFO     641192237
07-07 13:44 root         INFO     641192237
07-07 13:44 root         INFO     641192237
07-07 13:44 root         INFO     641192237
07-07 13:44 root         INFO     641192237
07-07 13:44 root         INFO     641192237
07-07 13:45 root         INFO     641170348
07-07 13:45 root         INFO     641170348
07-07 13:45 root         INFO     641127444
07-07 13:45 root         INFO     641078722
07-07 13:45 root         INFO     641042067
07-07 13:45 root         INFO     641017296
07-07 13:45 root         INFO     641017296
07-07 13:45 root         INFO     641017296
07-07 13:45 root         INFO     641009305
07-07 13:45 root         INFO     640975205
07-07 13:45 root         INFO     640982416
07-07 13:45 root         INFO     640982416
07-07 13:45 root         INFO     640982416
07-07 13:45 root         INFO     640982416
07-07 13:45 root         INFO     640728778
07-07 13:45 root         INFO     640728778
07-07 13:45 root         INFO     640728778
07-07 13:45 root         INFO     640646809
07-07 13:45 root         INFO     640646809
07-07 13:45 root         INFO     640646809
07-07 13:45 root         INFO     640646809
07-07 13:45 root         INFO     640588174
07-07 13:45 root         INFO     640588174
07-07 13:45 root         INFO     640588174
07-07 13:45 root         INFO     640559433
07-07 13:45 root         INFO     640559433
07-07 13:45 root         INFO     640559433
07-07 13:45 root         INFO     640559433
07-07 13:45 root         INFO     640559433
07-07 13:45 root         INFO     640559433
07-07 13:45 root         INFO     640393072
07-07 13:45 root         INFO     640353092
07-07 13:45 root         INFO     640353092
07-07 13:45 root         INFO     640353092
07-07 13:45 root         INFO     640353092
07-07 13:45 root         INFO     640353092
07-07 13:45 root         INFO     640353092
07-07 13:45 root         INFO     640353092
07-07 13:45 root         INFO     640353092
07-07 13:45 root         INFO     640353092
07-07 13:45 root         INFO     640310224
07-07 13:45 root         INFO     640310224
07-07 13:45 root         INFO     640310224
07-07 13:45 root         INFO     640310224
07-07 13:45 root         INFO     640310224
07-07 13:45 root         INFO     640303939
07-07 13:45 root         INFO     640303939
07-07 13:45 root         INFO     640303939
07-07 13:45 root         INFO     640303939
07-07 13:45 root         INFO     640303939
07-07 13:45 root         INFO     640303939
07-07 13:45 root         INFO     640199945
07-07 13:45 root         INFO     640162105
07-07 13:45 root         INFO     640162105
07-07 13:45 root         INFO     640162105
07-07 13:45 root         INFO     640050417
07-07 13:45 root         INFO     640050417
07-07 13:45 root         INFO     640050417
07-07 13:45 root         INFO     640050417
07-07 13:45 root         INFO     640012523
07-07 13:45 root         INFO     639946709
07-07 13:45 root         INFO     639926921
07-07 13:45 root         INFO     639862902
07-07 13:45 root         INFO     639851475
07-07 13:45 root         INFO     639851475
07-07 13:45 root         INFO     639851475
07-07 13:45 root         INFO     639851475
07-07 13:45 root         INFO     639851475
07-07 13:45 root         INFO     639851475
07-07 13:45 root         INFO     639840769
07-07 13:45 root         INFO     639840769
07-07 13:45 root         INFO     639840769
07-07 13:45 root         INFO     639840769
07-07 13:45 root         INFO     639840769
07-07 13:45 root         INFO     639804661
07-07 13:45 root         INFO     639804661
07-07 13:45 root         INFO     639787339
07-07 13:45 root         INFO     639787339
07-07 13:45 root         INFO     639708801
07-07 13:45 root         INFO     639708801
07-07 13:45 root         INFO     639708801
07-07 13:45 root         INFO     639708801
07-07 13:45 root         INFO     639708801
07-07 13:46 root         INFO     639708801
07-07 13:46 root         INFO     639708801
07-07 13:46 root         INFO     639441970
07-07 13:46 root         INFO     639303904
07-07 13:46 root         INFO     639303904
07-07 13:46 root         INFO     639303904
07-07 13:46 root         INFO     639199407
07-07 13:46 root         INFO     639199407
07-07 13:46 root         INFO     639199407
07-07 13:46 root         INFO     639164541
07-07 13:46 root         INFO     639101364
07-07 13:46 root         INFO     639011829
07-07 13:46 root         INFO     639011829
07-07 13:46 root         INFO     639011829
07-07 13:46 root         INFO     639011829
07-07 13:46 root         INFO     639011829
07-07 13:46 root         INFO     639011829
07-07 13:46 root         INFO     638657121
07-07 13:46 root         INFO     638657121
07-07 13:46 root         INFO     638657121
07-07 13:46 root         INFO     638657121
07-07 13:46 root         INFO     638657121
07-07 13:46 root         INFO     638657121
07-07 13:46 root         INFO     638657121
07-07 13:46 root         INFO     638657121
07-07 13:46 root         INFO     638414549
07-07 13:46 root         INFO     638308803
07-07 13:46 root         INFO     638308803
07-07 13:46 root         INFO     638308803
07-07 13:46 root         INFO     638308803
07-07 13:46 root         INFO     638308803
07-07 13:46 root         INFO     638308803
07-07 13:46 root         INFO     638308803
07-07 13:46 root         INFO     638308803
07-07 13:46 root         INFO     638308803
07-07 13:46 root         INFO     638308803
07-07 13:46 root         INFO     638306711
07-07 13:46 root         INFO     638306711
07-07 13:46 root         INFO     638306711
07-07 13:46 root         INFO     638306711
07-07 13:46 root         INFO     638278742
07-07 13:46 root         INFO     638277273
07-07 13:46 root         INFO     638277273
07-07 13:46 root         INFO     638277273
07-07 13:46 root         INFO     638277273
07-07 13:46 root         INFO     638277273
07-07 13:46 root         INFO     638277273
07-07 13:46 root         INFO     638193818
07-07 13:46 root         INFO     638193818
07-07 13:46 root         INFO     638079947
07-07 13:46 root         INFO     637977270
07-07 13:46 root         INFO     637977270
07-07 13:46 root         INFO     637977270
07-07 13:46 root         INFO     637977270
07-07 13:46 root         INFO     637977270
07-07 13:46 root         INFO     637959326
07-07 13:46 root         INFO     637729731
07-07 13:46 root         INFO     637664914
07-07 13:46 root         INFO     637664914
07-07 13:46 root         INFO     637521056
07-07 13:46 root         INFO     637521056
07-07 13:46 root         INFO     637521056
07-07 13:46 root         INFO     637214649
07-07 13:46 root         INFO     637214649
07-07 13:46 root         INFO     637214649
07-07 13:46 root         INFO     637214649
07-07 13:46 root         INFO     637214649
07-07 13:46 root         INFO     637133095
07-07 13:46 root         INFO     637133095
07-07 13:46 root         INFO     637027080
07-07 13:46 root         INFO     636926765
07-07 13:46 root         INFO     636878281
07-07 13:46 root         INFO     636878281
07-07 13:47 root         INFO     636878281
07-07 13:47 root         INFO     636878281
07-07 13:47 root         INFO     636858344
07-07 13:47 root         INFO     636729628
07-07 13:47 root         INFO     636717531
07-07 13:47 root         INFO     636715939
07-07 13:47 root         INFO     636715939
07-07 13:47 root         INFO     636715939
07-07 13:47 root         INFO     636695642
07-07 13:47 root         INFO     636695642
07-07 13:47 root         INFO     636695642
07-07 13:47 root         INFO     636695642
07-07 13:47 root         INFO     636459103
07-07 13:47 root         INFO     636459103
07-07 13:47 root         INFO     636459103
07-07 13:47 root         INFO     636459103
07-07 13:47 root         INFO     636459103
07-07 13:47 root         INFO     636459103
07-07 13:47 root         INFO     636420277
07-07 13:47 root         INFO     636187116
07-07 13:47 root         INFO     636168178
07-07 13:47 root         INFO     635922820
07-07 13:47 root         INFO     635781430
07-07 13:47 root         INFO     635598158
07-07 13:47 root         INFO     635247459
07-07 13:47 root         INFO     635206844
07-07 13:47 root         INFO     635027890
07-07 13:47 root         INFO     634931239
07-07 13:47 root         INFO     634931239
07-07 13:47 root         INFO     634931239
07-07 13:47 root         INFO     634931239
07-07 13:47 root         INFO     634931239
07-07 13:47 root         INFO     634903212
07-07 13:47 root         INFO     634874860
07-07 13:47 root         INFO     634725803
07-07 13:47 root         INFO     634725803
07-07 13:47 root         INFO     634725803
07-07 13:47 root         INFO     634725803
07-07 13:47 root         INFO     634669632
07-07 13:47 root         INFO     634669632
07-07 13:47 root         INFO     634669632
07-07 13:47 root         INFO     634669632
07-07 13:47 root         INFO     634669632
07-07 13:47 root         INFO     634669632
07-07 13:47 root         INFO     634669632
07-07 13:47 root         INFO     634659312
07-07 13:47 root         INFO     634659312
07-07 13:47 root         INFO     634400883
07-07 13:47 root         INFO     634400883
07-07 13:47 root         INFO     634400883
07-07 13:47 root         INFO     634400883
07-07 13:47 root         INFO     634400883
07-07 13:47 root         INFO     634350957
07-07 13:47 root         INFO     634202000
07-07 13:47 root         INFO     634156744
07-07 13:47 root         INFO     634156744
07-07 13:47 root         INFO     634156744
07-07 13:47 root         INFO     634112970
07-07 13:47 root         INFO     634112970
07-07 13:47 root         INFO     634112970
07-07 13:47 root         INFO     634112970
07-07 13:47 root         INFO     634112970
07-07 13:47 root         INFO     634112970
07-07 13:47 root         INFO     634112970
07-07 13:47 root         INFO     210202841
07-07 13:48 root         INFO     633989436
07-07 13:48 root         INFO     633989436
07-07 13:48 root         INFO     633989436
07-07 13:48 root         INFO     633989436
07-07 13:48 root         INFO     633989436
07-07 13:48 root         INFO     633983674
07-07 13:48 root         INFO     633963272
07-07 13:48 root         INFO     633963272
07-07 13:48 root         INFO     633879387
07-07 13:48 root         INFO     633879387
07-07 13:48 root         INFO     633879387
07-07 13:48 root         INFO     633806427
07-07 13:48 root         INFO     633733287
07-07 13:48 root         INFO     633720730
07-07 13:48 root         INFO     633658270
07-07 13:48 root         INFO     633647760
07-07 13:48 root         INFO     633626614
07-07 13:48 root         INFO     633626614
07-07 13:48 root         INFO     633569707
07-07 13:48 root         INFO     633421582
07-07 13:48 root         INFO     633421582
07-07 13:48 root         INFO     633421582
07-07 13:48 root         INFO     633397712
07-07 13:48 root         INFO     633348010
07-07 13:48 root         INFO     633348010
07-07 13:48 root         INFO     633348010
07-07 13:48 root         INFO     633348010
07-07 13:48 root         INFO     633348010
07-07 13:48 root         INFO     633348010
07-07 13:48 root         INFO     633257525
07-07 13:48 root         INFO     633257525
07-07 13:48 root         INFO     633257525
07-07 13:48 root         INFO     633257525
07-07 13:48 root         INFO     633141335
07-07 13:48 root         INFO     633141335
07-07 13:48 root         INFO     632819449
07-07 13:48 root         INFO     632819449
07-07 13:48 root         INFO     632819449
07-07 13:48 root         INFO     632819449
07-07 13:48 root         INFO     632819449
07-07 13:48 root         INFO     632819449
07-07 13:48 root         INFO     632717654
07-07 13:48 root         INFO     632717654
07-07 13:48 root         INFO     632717654
07-07 13:48 root         INFO     632573937
07-07 13:48 root         INFO     632573937
07-07 13:48 root         INFO     632460964
07-07 13:48 root         INFO     632460964
07-07 13:48 root         INFO     632421956
07-07 13:48 root         INFO     632352534
07-07 13:48 root         INFO     632352534
07-07 13:48 root         INFO     632352534
07-07 13:48 root         INFO     632352534
07-07 13:48 root         INFO     632221553
07-07 13:48 root         INFO     632221553
07-07 13:48 root         INFO     632060507
07-07 13:48 root         INFO     632037192
07-07 13:48 root         INFO     631793415
07-07 13:48 root         INFO     631793415
07-07 13:48 root         INFO     631793415
07-07 13:48 root         INFO     631602681
07-07 13:48 root         INFO     631602681
07-07 13:48 root         INFO     631584650
07-07 13:48 root         INFO     631555390
07-07 13:48 root         INFO     631555390
07-07 13:48 root         INFO     631555390
07-07 13:48 root         INFO     631555390
07-07 13:48 root         INFO     631452424
07-07 13:48 root         INFO     631452424
07-07 13:48 root         INFO     631452424
07-07 13:48 root         INFO     631452424
07-07 13:48 root         INFO     631452424
07-07 13:48 root         INFO     631452424
07-07 13:48 root         INFO     631312759
07-07 13:48 root         INFO     631312759
07-07 13:48 root         INFO     631312759
07-07 13:48 root         INFO     631312759
07-07 13:48 root         INFO     631312759
07-07 13:48 root         INFO     631312759
07-07 13:48 root         INFO     631226368
07-07 13:48 root         INFO     631205591
07-07 13:48 root         INFO     631205591
07-07 13:49 root         INFO     631205591
07-07 13:49 root         INFO     631205591
07-07 13:49 root         INFO     631205591
07-07 13:49 root         INFO     631113166
07-07 13:49 root         INFO     631118376
07-07 13:49 root         INFO     631118376
07-07 13:49 root         INFO     631113166
07-07 13:49 root         INFO     631113166
07-07 13:49 root         INFO     631113166
07-07 13:49 root         INFO     631113166
07-07 13:49 root         INFO     631119348
07-07 13:49 root         INFO     631119348
07-07 13:49 root         INFO     631119348
07-07 13:49 root         INFO     631118376
07-07 13:49 root         INFO     631118376
07-07 13:49 root         INFO     631104264
07-07 13:49 root         INFO     631104264
07-07 13:49 root         INFO     630979080
07-07 13:49 root         INFO     630948017
07-07 13:49 root         INFO     630948017
07-07 13:49 root         INFO     630948017
07-07 13:49 root         INFO     630948017
07-07 13:49 root         INFO     630948017
07-07 13:49 root         INFO     630948017
07-07 13:49 root         INFO     630948017
07-07 13:49 root         INFO     630861710
07-07 13:49 root         INFO     630861710
07-07 13:49 root         INFO     630861710
07-07 13:49 root         INFO     630815255
07-07 13:49 root         INFO     630815255
07-07 13:49 root         INFO     630815255
07-07 13:49 root         INFO     630815255
07-07 13:49 root         INFO     630782561
07-07 13:49 root         INFO     630774852
07-07 13:49 root         INFO     630774852
07-07 13:49 root         INFO     630774852
07-07 13:49 root         INFO     630774852
07-07 13:49 root         INFO     630681391
07-07 13:49 root         INFO     630681391
07-07 13:49 root         INFO     630681391
07-07 13:49 root         INFO     630515382
07-07 13:49 root         INFO     630515382
07-07 13:49 root         INFO     630470766
07-07 13:49 root         INFO     630439110
07-07 13:49 root         INFO     630389391
07-07 13:49 root         INFO     630389391
07-07 13:49 root         INFO     630389391
07-07 13:49 root         INFO     630389391
07-07 13:49 root         INFO     630284799
07-07 13:49 root         INFO     630327810
07-07 13:49 root         INFO     630327810
07-07 13:49 root         INFO     630327810
07-07 13:49 root         INFO     630288743
07-07 13:49 root         INFO     630288743
07-07 13:49 root         INFO     630288743
07-07 13:49 root         INFO     630286132
07-07 13:49 root         INFO     630286132
07-07 13:49 root         INFO     630286132
07-07 13:49 root         INFO     630286132
07-07 13:49 root         INFO     630284799
07-07 13:49 root         INFO     630252708
07-07 13:49 root         INFO     630252708
07-07 13:49 root         INFO     630252708
07-07 13:49 root         INFO     630042378
07-07 13:50 root         INFO     630011358
07-07 13:50 root         INFO     630011358
07-07 13:50 root         INFO     630011358
07-07 13:50 root         INFO     630011358
07-07 13:50 root         INFO     630011358
07-07 13:50 root         INFO     630011358
07-07 13:50 root         INFO     629957660
07-07 13:50 root         INFO     629957660
07-07 13:50 root         INFO     629957660
07-07 13:50 root         INFO     629957660
07-07 13:50 root         INFO     629957660
07-07 13:50 root         INFO     629925657
07-07 13:50 root         INFO     629865308
07-07 13:50 root         INFO     629852850
07-07 13:50 root         INFO     629852850
07-07 13:50 root         INFO     629852850
07-07 13:50 root         INFO     629852850
07-07 13:50 root         INFO     629852850
07-07 13:50 root         INFO     629852850
07-07 13:50 root         INFO     629852850
07-07 13:50 root         INFO     629852850
07-07 13:50 root         INFO     629852850
07-07 13:50 root         INFO     629852850
07-07 13:50 root         INFO     629838036
07-07 13:50 root         INFO     629838036
07-07 13:50 root         INFO     629838036
07-07 13:50 root         INFO     629838036
07-07 13:50 root         INFO     629706213
07-07 13:50 root         INFO     629706213
07-07 13:50 root         INFO     629706213
07-07 13:50 root         INFO     629706213
07-07 13:50 root         INFO     629654871
07-07 13:50 root         INFO     629654871
07-07 13:50 root         INFO     629654871
07-07 13:50 root         INFO     629574850
07-07 13:50 root         INFO     629574850
07-07 13:50 root         INFO     629574850
07-07 13:50 root         INFO     629524415
07-07 13:50 root         INFO     629365269
07-07 13:50 root         INFO     ----------------------------------------------
07-07 13:50 root         INFO     opening http://gcn.gsfc.nasa.gov/fermi_grbs.html
07-07 13:51 root         INFO     647310816
07-07 13:51 root         INFO     647310816
07-07 13:51 root         INFO     647310816
07-07 13:51 root         INFO     647271699
07-07 13:51 root         INFO     647252274
07-07 13:51 root         INFO     647236214
07-07 13:51 root         INFO     647120007
07-07 13:51 root         INFO     647108723
07-07 13:51 root         INFO     647120009
07-07 13:51 root         INFO     647120009
07-07 13:51 root         INFO     646862474
07-07 13:51 root         INFO     646862474
07-07 13:51 root         INFO     646818439
07-07 13:51 root         INFO     646818439
07-07 13:51 root         INFO     646812338
07-07 13:51 root         INFO     646537079
07-07 13:51 root         INFO     646518605
07-07 13:51 root         INFO     646443989
07-07 13:51 root         INFO     646509445
07-07 13:51 root         INFO     646509445
07-07 13:51 root         INFO     646509445
07-07 13:51 root         INFO     646509445
07-07 13:51 root         INFO     646509445
07-07 13:51 root         INFO     646509445
07-07 13:51 root         INFO     646509445
07-07 13:51 root         INFO     646509445
07-07 13:51 root         INFO     646471760
07-07 13:51 root         INFO     646471760
07-07 13:51 root         INFO     646471760
07-07 13:51 root         INFO     646471760
07-07 13:51 root         INFO     646471760
07-07 13:51 root         INFO     646388180
07-07 13:51 root         INFO     646388180
07-07 13:51 root         INFO     646388180
07-07 13:51 root         INFO     646388180
07-07 13:51 root         INFO     646388180
07-07 13:51 root         INFO     646358405
07-07 13:51 root         INFO     646349006
07-07 13:51 root         INFO     646349006
07-07 13:51 root         INFO     646349006
07-07 13:51 root         INFO     646349006
07-07 13:51 root         INFO     646322348
07-07 13:51 root         INFO     646322348
07-07 13:51 root         INFO     646189108
07-07 13:51 root         INFO     646194855
07-07 13:51 root         INFO     646050786
07-07 13:51 root         INFO     646050786
07-07 13:51 root         INFO     646050786
07-07 13:51 root         INFO     646050786
07-07 13:51 root         INFO     646050786
07-07 13:51 root         INFO     646050786
07-07 13:51 root         INFO     646050786
07-07 13:51 root         INFO     646018360
07-07 13:51 root         INFO     646018360
07-07 13:51 root         INFO     646018360
07-07 13:51 root         INFO     645965048
07-07 13:51 root         INFO     645965048
07-07 13:51 root         INFO     645965048
07-07 13:51 root         INFO     645965048
07-07 13:51 root         INFO     645857659
07-07 13:51 root         INFO     645898850
07-07 13:51 root         INFO     645857659
07-07 13:51 root         INFO     645857659
07-07 13:51 root         INFO     645857659
07-07 13:51 root         INFO     645799548
07-07 13:51 root         INFO     645799548
07-07 13:51 root         INFO     645799548
07-07 13:51 root         INFO     645799548
07-07 13:51 root         INFO     645799548
07-07 13:51 root         INFO     645673421
07-07 13:52 root         INFO     645673421
07-07 13:52 root         INFO     645673421
07-07 13:52 root         INFO     645673421
07-07 13:52 root         INFO     645628644
07-07 13:52 root         INFO     645492838
07-07 13:52 root         INFO     645492838
07-07 13:52 root         INFO     645492838
07-07 13:52 root         INFO     645485036
07-07 13:52 root         INFO     645485036
07-07 13:52 root         INFO     645485036
07-07 13:52 root         INFO     645382781
07-07 13:52 root         INFO     645382781
07-07 13:52 root         INFO     645047470
07-07 13:52 root         INFO     645047470
07-07 13:52 root         INFO     645047470
07-07 13:52 root         INFO     645047470
07-07 13:52 root         INFO     645047470
07-07 13:52 root         INFO     645047470
07-07 13:52 root         INFO     645047470
07-07 13:52 root         INFO     ----------------------------------------------
07-07 13:52 root         INFO     opening http://gcn.gsfc.nasa.gov/fermi_grbs.html
07-07 13:52 root         INFO     647310816
07-07 13:52 root         INFO     647310816
07-07 13:52 root         INFO     647310816
07-07 13:52 root         INFO     647271699
07-07 14:00 root         INFO     ----------------------------------------------
07-07 14:00 root         INFO     opening http://gcn.gsfc.nasa.gov/fermi_grbs.html
07-07 14:00 root         INFO     647310816
07-07 14:01 root         INFO     ----------------------------------------------
07-07 14:01 root         INFO     opening http://gcn.gsfc.nasa.gov/fermi_grbs.html
07-07 14:01 root         INFO     647310816
07-07 14:04 root         INFO     ----------------------------------------------
07-07 14:04 root         INFO     opening http://gcn.gsfc.nasa.gov/fermi_grbs.html
07-07 14:04 root         INFO     647310816
07-07 14:04 root         INFO     ----------------------------------------------
07-07 14:04 root         INFO     opening http://gcn.gsfc.nasa.gov/fermi_grbs.html
07-07 14:05 root         INFO     647310816
07-07 14:05 root         INFO     ----------------------------------------------
07-07 14:05 root         INFO     opening http://gcn.gsfc.nasa.gov/fermi_grbs.html
07-07 14:06 root         INFO     647310816
07-07 14:09 root         INFO     ----------------------------------------------
07-07 14:09 root         INFO     opening http://gcn.gsfc.nasa.gov/fermi_grbs.html
07-07 14:09 root         INFO     647310816
07-07 14:10 root         INFO     ----------------------------------------------
07-07 14:10 root         INFO     opening http://gcn.gsfc.nasa.gov/fermi_grbs.html
07-07 14:10 root         INFO     647310816
07-07 14:10 root         INFO     ----------------------------------------------
07-07 14:10 root         INFO     opening http://gcn.gsfc.nasa.gov/fermi_grbs.html
07-07 14:11 root         INFO     647310816
07-07 14:11 root         INFO     inserting...
07-07 14:53 root         INFO     ----------------------------------------------
07-07 14:53 root         INFO     opening http://gcn.gsfc.nasa.gov/fermi_grbs.html
07-07 14:54 root         INFO     647310816
07-07 14:54 root         INFO     inserting...
07-07 14:54 root         INFO     647310816
07-07 14:54 root         INFO     inserting...
07-07 14:54 root         INFO     647310816
07-07 14:54 root         INFO     inserting...
07-07 14:54 root         INFO     647271699
07-07 14:54 root         INFO     inserting...
07-07 14:54 root         INFO     647252274
07-07 14:54 root         INFO     inserting...
07-07 14:54 root         INFO     647236214
07-07 14:54 root         INFO     inserting...
07-07 14:54 root         INFO     647120007
07-07 14:54 root         INFO     inserting...
07-07 14:54 root         INFO     647108723
07-07 14:54 root         INFO     inserting...
07-07 14:54 root         INFO     647120009
07-07 14:54 root         INFO     inserting...
07-07 14:54 root         INFO     647120009
07-07 14:54 root         INFO     inserting...
07-07 14:54 root         INFO     646862474
07-07 14:54 root         INFO     inserting...
07-07 15:08 root         INFO     ----------------------------------------------
07-07 15:08 root         INFO     opening http://gcn.gsfc.nasa.gov/swift_grbs.html
07-07 15:09 root         INFO     inserting...
07-07 15:09 root         INFO     inserting...
07-07 15:09 root         INFO     inserting...
07-07 15:09 root         INFO     inserting...
07-07 15:09 root         INFO     inserting...
07-07 15:09 root         INFO     inserting...
07-07 15:09 root         INFO     inserting...
07-07 15:09 root         INFO     inserting...
07-07 15:09 root         INFO     inserting...
07-07 15:09 root         INFO     inserting...
07-07 15:09 root         INFO     inserting...
07-07 15:09 root         INFO     ----------------------------------------------
07-07 15:09 root         INFO     fetching web page...
07-07 15:10 root         INFO     ----------------------------------------------
07-07 15:10 root         INFO     fetching web page...
07-07 15:10 root         INFO     finding table...
07-07 15:10 root         INFO     finding rows...
07-07 15:10 root         INFO     parsing table...
